{"uuid":"7d5e6a51-e6ea-4634-abec-5b205f4144bf","historyId":"a5d3c81f27fa41f53fcc72de681b1d30","fullName":"sanity.TodoListElectron.test02_AddAndVerifyNewTask","labels":[{"name":"package","value":"sanity.TodoListElectron"},{"name":"testClass","value":"sanity.TodoListElectron"},{"name":"testMethod","value":"test02_AddAndVerifyNewTask"},{"name":"parentSuite","value":"Web Suite"},{"name":"suite","value":"Web Tests"},{"name":"subSuite","value":"sanity.TodoListElectron"},{"name":"host","value":"DESKTOP-G4453NC"},{"name":"thread","value":"15280@DESKTOP-G4453NC.main(1)"},{"name":"framework","value":"testng"},{"name":"language","value":"java"}],"links":[],"name":"Test02 - Add And Verify New Task","status":"failed","statusDetails":{"known":false,"muted":false,"flaky":false,"message":"expected [3] but found [0]","trace":"java.lang.AssertionError: expected [3] but found [0]\r\n\tat org.testng.Assert.fail(Assert.java:97)\r\n\tat org.testng.Assert.assertEqualsImpl(Assert.java:136)\r\n\tat org.testng.Assert.assertEquals(Assert.java:118)\r\n\tat org.testng.Assert.assertEquals(Assert.java:839)\r\n\tat org.testng.Assert.assertEquals(Assert.java:849)\r\n\tat extensions.Verifications.verifyNumber(Verifications.java:68)\r\n\tat sanity.TodoListElectron.test02_AddAndVerifyNewTask(TodoListElectron.java:26)\r\n\tat sun.reflect.NativeMethodAccessorImpl.invoke0(Native Method)\r\n\tat sun.reflect.NativeMethodAccessorImpl.invoke(NativeMethodAccessorImpl.java:62)\r\n\tat sun.reflect.DelegatingMethodAccessorImpl.invoke(DelegatingMethodAccessorImpl.java:43)\r\n\tat java.lang.reflect.Method.invoke(Method.java:498)\r\n\tat org.testng.internal.MethodInvocationHelper.invokeMethod(MethodInvocationHelper.java:133)\r\n\tat org.testng.internal.TestInvoker.invokeMethod(TestInvoker.java:584)\r\n\tat org.testng.internal.TestInvoker.invokeTestMethod(TestInvoker.java:172)\r\n\tat org.testng.internal.MethodRunner.runInSequence(MethodRunner.java:46)\r\n\tat org.testng.internal.TestInvoker$MethodInvocationAgent.invoke(TestInvoker.java:804)\r\n\tat org.testng.internal.TestInvoker.invokeTestMethods(TestInvoker.java:145)\r\n\tat org.testng.internal.TestMethodWorker.invokeTestMethods(TestMethodWorker.java:146)\r\n\tat org.testng.internal.TestMethodWorker.run(TestMethodWorker.java:128)\r\n\tat java.util.ArrayList.forEach(ArrayList.java:1257)\r\n\tat org.testng.TestRunner.privateRun(TestRunner.java:770)\r\n\tat org.testng.TestRunner.run(TestRunner.java:591)\r\n\tat org.testng.SuiteRunner.runTest(SuiteRunner.java:402)\r\n\tat org.testng.SuiteRunner.runSequentially(SuiteRunner.java:396)\r\n\tat org.testng.SuiteRunner.privateRun(SuiteRunner.java:355)\r\n\tat org.testng.SuiteRunner.run(SuiteRunner.java:304)\r\n\tat org.testng.SuiteRunnerWorker.runSuite(SuiteRunnerWorker.java:53)\r\n\tat org.testng.SuiteRunnerWorker.run(SuiteRunnerWorker.java:96)\r\n\tat org.testng.TestNG.runSuitesSequentially(TestNG.java:1180)\r\n\tat org.testng.TestNG.runSuitesLocally(TestNG.java:1102)\r\n\tat org.testng.TestNG.runSuites(TestNG.java:1032)\r\n\tat org.testng.TestNG.run(TestNG.java:1000)\r\n\tat com.intellij.rt.testng.IDEARemoteTestNG.run(IDEARemoteTestNG.java:66)\r\n\tat com.intellij.rt.testng.RemoteTestNGStarter.main(RemoteTestNGStarter.java:109)\r\n"},"stage":"finished","description":"This Test adds a new task and verifies it in the list of tasks","steps":[{"name":"Add New Task to the List","status":"passed","stage":"finished","steps":[{"name":"Update Text Element","status":"passed","stage":"finished","steps":[],"attachments":[],"parameters":[{"name":"elem","value":"[[ChromeDriver: chrome on XP (25627f6d81bbd99acaaf3c7ccca49148)] -> css selector: input[placeholder='Create a task']]"},{"name":"text","value":"Learn Java"}],"start":1654189681270,"stop":1654189681384},{"name":"Insert Key","status":"passed","stage":"finished","steps":[],"attachments":[],"parameters":[{"name":"elem","value":"[[ChromeDriver: chrome on XP (25627f6d81bbd99acaaf3c7ccca49148)] -> css selector: input[placeholder='Create a task']]"},{"name":"value","value":""}],"start":1654189681410,"stop":1654189681467}],"attachments":[],"parameters":[{"name":"taskName","value":"Learn Java"}],"start":1654189681251,"stop":1654189681467},{"name":"Add New Task to the List","status":"passed","stage":"finished","steps":[{"name":"Update Text Element","status":"passed","stage":"finished","steps":[],"attachments":[],"parameters":[{"name":"elem","value":"[[ChromeDriver: chrome on XP (25627f6d81bbd99acaaf3c7ccca49148)] -> css selector: input[placeholder='Create a task']]"},{"name":"text","value":"Learn Python"}],"start":1654189681488,"stop":1654189681590},{"name":"Insert Key","status":"passed","stage":"finished","steps":[],"attachments":[],"parameters":[{"name":"elem","value":"[[ChromeDriver: chrome on XP (25627f6d81bbd99acaaf3c7ccca49148)] -> css selector: input[placeholder='Create a task']]"},{"name":"value","value":""}],"start":1654189681612,"stop":1654189681669}],"attachments":[],"parameters":[{"name":"taskName","value":"Learn Python"}],"start":1654189681468,"stop":1654189681669},{"name":"Add New Task to the List","status":"passed","stage":"finished","steps":[{"name":"Update Text Element","status":"passed","stage":"finished","steps":[],"attachments":[],"parameters":[{"name":"elem","value":"[[ChromeDriver: chrome on XP (25627f6d81bbd99acaaf3c7ccca49148)] -> css selector: input[placeholder='Create a task']]"},{"name":"text","value":"Learn C#"}],"start":1654189681691,"stop":1654189681799},{"name":"Insert Key","status":"passed","stage":"finished","steps":[],"attachments":[],"parameters":[{"name":"elem","value":"[[ChromeDriver: chrome on XP (25627f6d81bbd99acaaf3c7ccca49148)] -> css selector: input[placeholder='Create a task']]"},{"name":"value","value":""}],"start":1654189681813,"stop":1654189681880}],"attachments":[],"parameters":[{"name":"taskName","value":"Learn C#"}],"start":1654189681670,"stop":1654189681880},{"name":"Count and Return Number of Tasks in List","status":"passed","stage":"finished","steps":[],"attachments":[],"parameters":[],"start":1654189681880,"stop":1654189686953},{"name":"Verify Number With Number","status":"failed","statusDetails":{"known":false,"muted":false,"flaky":false,"message":"expected [3] but found [0]","trace":"java.lang.AssertionError: expected [3] but found [0]\r\n\tat org.testng.Assert.fail(Assert.java:97)\r\n\tat org.testng.Assert.assertEqualsImpl(Assert.java:136)\r\n\tat org.testng.Assert.assertEquals(Assert.java:118)\r\n\tat org.testng.Assert.assertEquals(Assert.java:839)\r\n\tat org.testng.Assert.assertEquals(Assert.java:849)\r\n\tat extensions.Verifications.verifyNumber(Verifications.java:68)\r\n\tat sanity.TodoListElectron.test02_AddAndVerifyNewTask(TodoListElectron.java:26)\r\n\tat sun.reflect.NativeMethodAccessorImpl.invoke0(Native Method)\r\n\tat sun.reflect.NativeMethodAccessorImpl.invoke(NativeMethodAccessorImpl.java:62)\r\n\tat sun.reflect.DelegatingMethodAccessorImpl.invoke(DelegatingMethodAccessorImpl.java:43)\r\n\tat java.lang.reflect.Method.invoke(Method.java:498)\r\n\tat org.testng.internal.MethodInvocationHelper.invokeMethod(MethodInvocationHelper.java:133)\r\n\tat org.testng.internal.TestInvoker.invokeMethod(TestInvoker.java:584)\r\n\tat org.testng.internal.TestInvoker.invokeTestMethod(TestInvoker.java:172)\r\n\tat org.testng.internal.MethodRunner.runInSequence(MethodRunner.java:46)\r\n\tat org.testng.internal.TestInvoker$MethodInvocationAgent.invoke(TestInvoker.java:804)\r\n\tat org.testng.internal.TestInvoker.invokeTestMethods(TestInvoker.java:145)\r\n\tat org.testng.internal.TestMethodWorker.invokeTestMethods(TestMethodWorker.java:146)\r\n\tat org.testng.internal.TestMethodWorker.run(TestMethodWorker.java:128)\r\n\tat java.util.ArrayList.forEach(ArrayList.java:1257)\r\n\tat org.testng.TestRunner.privateRun(TestRunner.java:770)\r\n\tat org.testng.TestRunner.run(TestRunner.java:591)\r\n\tat org.testng.SuiteRunner.runTest(SuiteRunner.java:402)\r\n\tat org.testng.SuiteRunner.runSequentially(SuiteRunner.java:396)\r\n\tat org.testng.SuiteRunner.privateRun(SuiteRunner.java:355)\r\n\tat org.testng.SuiteRunner.run(SuiteRunner.java:304)\r\n\tat org.testng.SuiteRunnerWorker.runSuite(SuiteRunnerWorker.java:53)\r\n\tat org.testng.SuiteRunnerWorker.run(SuiteRunnerWorker.java:96)\r\n\tat org.testng.TestNG.runSuitesSequentially(TestNG.java:1180)\r\n\tat org.testng.TestNG.runSuitesLocally(TestNG.java:1102)\r\n\tat org.testng.TestNG.runSuites(TestNG.java:1032)\r\n\tat org.testng.TestNG.run(TestNG.java:1000)\r\n\tat com.intellij.rt.testng.IDEARemoteTestNG.run(IDEARemoteTestNG.java:66)\r\n\tat com.intellij.rt.testng.RemoteTestNGStarter.main(RemoteTestNGStarter.java:109)\r\n"},"stage":"finished","steps":[],"attachments":[],"parameters":[{"name":"actual","value":"0"},{"name":"expected","value":"3"}],"start":1654189686953,"stop":1654189686954}],"attachments":[{"name":"Page Screen-Shot","source":"80045065-5824-4b5b-a339-4852276e8e5a-attachment","type":"image/png"}],"parameters":[{"name":"PlatformName","value":"electron"}],"start":1654189681251,"stop":1654189687168}