<!DOCTYPE html>

<html>
  <head>
  <meta charset='utf-8'>
  <title>TestNG reports</title>

    <link type="text/css" href="testng-reports.css" rel="stylesheet" />
    <script type="text/javascript" src="jquery-1.7.1.min.js"></script>
    <script type="text/javascript" src="testng-reports.js"></script>
    <script type="text/javascript" src="https://www.google.com/jsapi"></script>
    <script type='text/javascript'>
      google.load('visualization', '1', {packages:['table']});
      google.setOnLoadCallback(drawTable);
      var suiteTableInitFunctions = new Array();
      var suiteTableData = new Array();
    </script>
    <!--
      <script type="text/javascript" src="jquery-ui/js/jquery-ui-1.8.16.custom.min.js"></script>
     -->
  </head>

  <body>
    <div class="top-banner-root">
      <span class="top-banner-title-font">Test results</span>
      <br/>
      <span class="top-banner-font-1">1 suite, 4 failed tests</span>
    </div> <!-- top-banner-root -->
    <div class="navigator-root">
      <div class="navigator-suite-header">
        <span>All suites</span>
        <a href="#" class="collapse-all-link" title="Collapse/expand all the suites">
          <img class="collapse-all-icon" src="collapseall.gif">
          </img> <!-- collapse-all-icon -->
        </a> <!-- collapse-all-link -->
      </div> <!-- navigator-suite-header -->
      <div class="suite">
        <div class="rounded-window">
          <div class="suite-header light-rounded-window-top">
            <a href="#" class="navigator-link" panel-name="suite-Web_Suite">
              <span class="suite-name border-failed">Web Suite</span>
            </a> <!-- navigator-link -->
          </div> <!-- suite-header light-rounded-window-top -->
          <div class="navigator-suite-content">
            <div class="suite-section-title">
              <span>Info</span>
            </div> <!-- suite-section-title -->
            <div class="suite-section-content">
              <ul>
                <li>
                  <a href="#" class="navigator-link " panel-name="test-xml-Web_Suite">
                    <span>C:\Automation\FinalProject\TestNGWeb.xml</span>
                  </a> <!-- navigator-link  -->
                </li>
                <li>
                  <a href="#" class="navigator-link " panel-name="testlist-Web_Suite">
                    <span class="test-stats">1 test</span>
                  </a> <!-- navigator-link  -->
                </li>
                <li>
                  <a href="#" class="navigator-link " panel-name="group-Web_Suite">
                    <span>0 groups</span>
                  </a> <!-- navigator-link  -->
                </li>
                <li>
                  <a href="#" class="navigator-link " panel-name="times-Web_Suite">
                    <span>Times</span>
                  </a> <!-- navigator-link  -->
                </li>
                <li>
                  <a href="#" class="navigator-link " panel-name="reporter-Web_Suite">
                    <span>Reporter output</span>
                  </a> <!-- navigator-link  -->
                </li>
                <li>
                  <a href="#" class="navigator-link " panel-name="ignored-methods-Web_Suite">
                    <span>Ignored methods</span>
                  </a> <!-- navigator-link  -->
                </li>
                <li>
                  <a href="#" class="navigator-link " panel-name="chronological-Web_Suite">
                    <span>Chronological view</span>
                  </a> <!-- navigator-link  -->
                </li>
              </ul>
            </div> <!-- suite-section-content -->
            <div class="result-section">
              <div class="suite-section-title">
                <span>Results</span>
              </div> <!-- suite-section-title -->
              <div class="suite-section-content">
                <ul>
                  <li>
                    <span class="method-stats">8 methods, 4 failed,   4 passed</span>
                  </li>
                  <li>
                    <span class="method-list-title failed">Failed methods</span>
                    <span class="show-or-hide-methods failed">
                      <a href="#" panel-name="suite-Web_Suite" class="hide-methods failed suite-Web_Suite"> (hide)</a> <!-- hide-methods failed suite-Web_Suite -->
                      <a href="#" panel-name="suite-Web_Suite" class="show-methods failed suite-Web_Suite"> (show)</a> <!-- show-methods failed suite-Web_Suite -->
                    </span>
                    <div class="method-list-content failed suite-Web_Suite">
                      <span>
                        <img width="3%" src="failed.png"/>
                        <a href="#" class="method navigator-link" panel-name="suite-Web_Suite" title="sanity.LadyMakeupWeb" hash-for-method="test03_verify_orderItem">test03_verify_orderItem</a> <!-- method navigator-link -->
                      </span>
                      <br/>
                      <span>
                        <img width="3%" src="failed.png"/>
                        <a href="#" class="method navigator-link" panel-name="suite-Web_Suite" title="sanity.LadyMakeupWeb" hash-for-method="test06_verify_logoImage">test06_verify_logoImage</a> <!-- method navigator-link -->
                      </span>
                      <br/>
                      <span>
                        <img width="3%" src="failed.png"/>
                        <a href="#" class="method navigator-link" panel-name="suite-Web_Suite" title="sanity.LadyMakeupWeb" hash-for-method="test07_verify_itemAmount(4 x, 4 x)">test07_verify_itemAmount(4 x, 4 x)</a> <!-- method navigator-link -->
                      </span>
                      <br/>
                      <span>
                        <img width="3%" src="failed.png"/>
                        <a href="#" class="method navigator-link" panel-name="suite-Web_Suite" title="sanity.LadyMakeupWeb" hash-for-method="test07_verify_itemAmount(2 x, 2 x)">test07_verify_itemAmount(2 x, 2 x)</a> <!-- method navigator-link -->
                      </span>
                      <br/>
                    </div> <!-- method-list-content failed suite-Web_Suite -->
                  </li>
                  <li>
                    <span class="method-list-title passed">Passed methods</span>
                    <span class="show-or-hide-methods passed">
                      <a href="#" panel-name="suite-Web_Suite" class="hide-methods passed suite-Web_Suite"> (hide)</a> <!-- hide-methods passed suite-Web_Suite -->
                      <a href="#" panel-name="suite-Web_Suite" class="show-methods passed suite-Web_Suite"> (show)</a> <!-- show-methods passed suite-Web_Suite -->
                    </span>
                    <div class="method-list-content passed suite-Web_Suite">
                      <span>
                        <img width="3%" src="passed.png"/>
                        <a href="#" class="method navigator-link" panel-name="suite-Web_Suite" title="sanity.LadyMakeupWeb" hash-for-method="test01_verify_HelloHeader">test01_verify_HelloHeader</a> <!-- method navigator-link -->
                      </span>
                      <br/>
                      <span>
                        <img width="3%" src="passed.png"/>
                        <a href="#" class="method navigator-link" panel-name="suite-Web_Suite" title="sanity.LadyMakeupWeb" hash-for-method="test02_moveTo_makeupBoxes">test02_moveTo_makeupBoxes</a> <!-- method navigator-link -->
                      </span>
                      <br/>
                      <span>
                        <img width="3%" src="passed.png"/>
                        <a href="#" class="method navigator-link" panel-name="suite-Web_Suite" title="sanity.LadyMakeupWeb" hash-for-method="test04_verify_orderItemDeletion">test04_verify_orderItemDeletion</a> <!-- method navigator-link -->
                      </span>
                      <br/>
                      <span>
                        <img width="3%" src="passed.png"/>
                        <a href="#" class="method navigator-link" panel-name="suite-Web_Suite" title="sanity.LadyMakeupWeb" hash-for-method="test05_verify_informationBar">test05_verify_informationBar</a> <!-- method navigator-link -->
                      </span>
                      <br/>
                    </div> <!-- method-list-content passed suite-Web_Suite -->
                  </li>
                </ul>
              </div> <!-- suite-section-content -->
            </div> <!-- result-section -->
          </div> <!-- navigator-suite-content -->
        </div> <!-- rounded-window -->
      </div> <!-- suite -->
    </div> <!-- navigator-root -->
    <div class="wrapper">
      <div class="main-panel-root">
        <div panel-name="suite-Web_Suite" class="panel Web_Suite">
          <div class="suite-Web_Suite-class-failed">
            <div class="main-panel-header rounded-window-top">
              <img src="failed.png"/>
              <span class="class-name">sanity.LadyMakeupWeb</span>
            </div> <!-- main-panel-header rounded-window-top -->
            <div class="main-panel-content rounded-window-bottom">
              <div class="method">
                <div class="method-content">
                  <a name="test03_verify_orderItem">
                  </a> <!-- test03_verify_orderItem -->
                  <span class="method-name">test03_verify_orderItem</span>
                  <div class="stack-trace">org.openqa.selenium.ElementClickInterceptedException: element click intercepted: Element &lt;a href=&quot;#&quot; class=&quot;btn btn-light  d-flex align-items-center mx-auto btn-quickcart-add&quot; product_id=&quot;33643&quot; product_type=&quot;simple&quot;&gt;...&lt;/a&gt; is not clickable at point (579, 676). Other element would receive the click: &lt;div id=&quot;quickcart-bottom-body&quot; class=&quot;container-fluid align-items-center justify-content-between d-flex h-100 px-1 px-md-2&quot;&gt;...&lt;/div&gt;
  (Session info: chrome=101.0.4951.54)
Build info: version: &apos;3.141.59&apos;, revision: &apos;e82be7d358&apos;, time: &apos;2018-11-14T08:17:03&apos;
System info: host: &apos;DESKTOP-G4453NC&apos;, ip: &apos;192.168.0.115&apos;, os.name: &apos;Windows 10&apos;, os.arch: &apos;amd64&apos;, os.version: &apos;10.0&apos;, java.version: &apos;1.8.0_211&apos;
Driver info: org.openqa.selenium.chrome.ChromeDriver
Capabilities {acceptInsecureCerts: false, browserName: chrome, browserVersion: 101.0.4951.54, chrome: {chromedriverVersion: 101.0.4951.41 (93c720db8323..., userDataDir: C:\Users\DimaA\AppData\Loca...}, goog:chromeOptions: {debuggerAddress: localhost:60634}, javascriptEnabled: true, networkConnectionEnabled: false, pageLoadStrategy: normal, platform: WINDOWS, platformName: WINDOWS, proxy: Proxy(), setWindowRect: true, strictFileInteractability: false, timeouts: {implicit: 0, pageLoad: 300000, script: 30000}, unhandledPromptBehavior: dismiss and notify, webauthn:extension:credBlob: true, webauthn:extension:largeBlob: true, webauthn:virtualAuthenticators: true}
Session ID: eb347b42e38525ce7f14abf8f4f1eb13
	at org.openqa.selenium.remote.http.W3CHttpResponseCodec.createException(W3CHttpResponseCodec.java:187)
	at org.openqa.selenium.remote.http.W3CHttpResponseCodec.decode(W3CHttpResponseCodec.java:122)
	at org.openqa.selenium.remote.http.W3CHttpResponseCodec.decode(W3CHttpResponseCodec.java:49)
	at org.openqa.selenium.remote.HttpCommandExecutor.execute(HttpCommandExecutor.java:158)
	at org.openqa.selenium.remote.service.DriverCommandExecutor.execute(DriverCommandExecutor.java:83)
	at org.openqa.selenium.remote.RemoteWebDriver.execute(RemoteWebDriver.java:552)
	at org.openqa.selenium.remote.RemoteWebElement.execute(RemoteWebElement.java:285)
	at org.openqa.selenium.remote.RemoteWebElement.click(RemoteWebElement.java:84)
	at org.openqa.selenium.support.pagefactory.internal.LocatingElementHandler.invoke(LocatingElementHandler.java:51)
	at com.sun.proxy.$Proxy12.click(Unknown Source)
	at extensions.UIActions.click(UIActions.java:17)
	at workflows.WebFlows.orderItem(WebFlows.java:39)
	at sanity.LadyMakeupWeb.test03_verify_orderItem(LadyMakeupWeb.java:30)
	at java.util.ArrayList.forEach(ArrayList.java:1257)
... Removed 39 stack frames
</div> <!-- stack-trace -->
                  <em>
(Test03 - Verify Order Item)                  </em>
                </div> <!-- method-content -->
              </div> <!-- method -->
              <div class="method">
                <div class="method-content">
                  <a name="test06_verify_logoImage">
                  </a> <!-- test06_verify_logoImage -->
                  <span class="method-name">test06_verify_logoImage</span>
                  <div class="stack-trace">org.openqa.selenium.UnhandledAlertException: unexpected alert open: {Alert text : Do you want to delete items from the basket?}
  (Session info: chrome=101.0.4951.54): Do you want to delete items from the basket?
Build info: version: &apos;3.141.59&apos;, revision: &apos;e82be7d358&apos;, time: &apos;2018-11-14T08:17:03&apos;
System info: host: &apos;DESKTOP-G4453NC&apos;, ip: &apos;192.168.0.115&apos;, os.name: &apos;Windows 10&apos;, os.arch: &apos;amd64&apos;, os.version: &apos;10.0&apos;, java.version: &apos;1.8.0_211&apos;
Driver info: org.openqa.selenium.chrome.ChromeDriver
Capabilities {acceptInsecureCerts: false, browserName: chrome, browserVersion: 101.0.4951.54, chrome: {chromedriverVersion: 101.0.4951.41 (93c720db8323..., userDataDir: C:\Users\DimaA\AppData\Loca...}, goog:chromeOptions: {debuggerAddress: localhost:60634}, javascriptEnabled: true, networkConnectionEnabled: false, pageLoadStrategy: normal, platform: WINDOWS, platformName: WINDOWS, proxy: Proxy(), setWindowRect: true, strictFileInteractability: false, timeouts: {implicit: 0, pageLoad: 300000, script: 30000}, unhandledPromptBehavior: dismiss and notify, webauthn:extension:credBlob: true, webauthn:extension:largeBlob: true, webauthn:virtualAuthenticators: true}
Session ID: eb347b42e38525ce7f14abf8f4f1eb13
	at org.openqa.selenium.remote.http.W3CHttpResponseCodec.decode(W3CHttpResponseCodec.java:120)
	at org.openqa.selenium.remote.http.W3CHttpResponseCodec.decode(W3CHttpResponseCodec.java:49)
	at org.openqa.selenium.remote.HttpCommandExecutor.execute(HttpCommandExecutor.java:158)
	at org.openqa.selenium.remote.service.DriverCommandExecutor.execute(DriverCommandExecutor.java:83)
	at org.openqa.selenium.remote.RemoteWebDriver.execute(RemoteWebDriver.java:552)
	at org.openqa.selenium.remote.RemoteWebDriver.execute(RemoteWebDriver.java:609)
	at org.openqa.selenium.remote.RemoteWebDriver.getScreenshotAs(RemoteWebDriver.java:295)
	at utilities.Listeners.saveScreenshot(Listeners.java:73)
	at utilities.Listeners.onTestFailure(Listeners.java:66)
	at java.util.ArrayList.forEach(ArrayList.java:1257)
... Removed 28 stack frames
</div> <!-- stack-trace -->
                  <em>
(Test06 - Verify Logo Image)                  </em>
                </div> <!-- method-content -->
              </div> <!-- method -->
              <div class="method">
                <div class="method-content">
                  <a name="test07_verify_itemAmount(4 x, 4 x)">
                  </a> <!-- test07_verify_itemAmount(4 x, 4 x) -->
                  <span class="method-name">test07_verify_itemAmount</span>
                  <span class="parameters">(4 x, 4 x)</span>
                  <div class="stack-trace">org.openqa.selenium.ElementClickInterceptedException: element click intercepted: Element &lt;a href=&quot;#&quot; class=&quot;btn btn-light  d-flex align-items-center mx-auto btn-quickcart-add&quot; product_id=&quot;46685&quot; product_type=&quot;simple&quot;&gt;...&lt;/a&gt; is not clickable at point (579, 679). Other element would receive the click: &lt;div id=&quot;quickcart-bottom-body&quot; class=&quot;container-fluid align-items-center justify-content-between d-flex h-100 px-1 px-md-2&quot;&gt;...&lt;/div&gt;
  (Session info: chrome=101.0.4951.54)
Build info: version: &apos;3.141.59&apos;, revision: &apos;e82be7d358&apos;, time: &apos;2018-11-14T08:17:03&apos;
System info: host: &apos;DESKTOP-G4453NC&apos;, ip: &apos;192.168.0.115&apos;, os.name: &apos;Windows 10&apos;, os.arch: &apos;amd64&apos;, os.version: &apos;10.0&apos;, java.version: &apos;1.8.0_211&apos;
Driver info: org.openqa.selenium.chrome.ChromeDriver
Capabilities {acceptInsecureCerts: false, browserName: chrome, browserVersion: 101.0.4951.54, chrome: {chromedriverVersion: 101.0.4951.41 (93c720db8323..., userDataDir: C:\Users\DimaA\AppData\Loca...}, goog:chromeOptions: {debuggerAddress: localhost:60634}, javascriptEnabled: true, networkConnectionEnabled: false, pageLoadStrategy: normal, platform: WINDOWS, platformName: WINDOWS, proxy: Proxy(), setWindowRect: true, strictFileInteractability: false, timeouts: {implicit: 0, pageLoad: 300000, script: 30000}, unhandledPromptBehavior: dismiss and notify, webauthn:extension:credBlob: true, webauthn:extension:largeBlob: true, webauthn:virtualAuthenticators: true}
Session ID: eb347b42e38525ce7f14abf8f4f1eb13
	at org.openqa.selenium.remote.http.W3CHttpResponseCodec.createException(W3CHttpResponseCodec.java:187)
	at org.openqa.selenium.remote.http.W3CHttpResponseCodec.decode(W3CHttpResponseCodec.java:122)
	at org.openqa.selenium.remote.http.W3CHttpResponseCodec.decode(W3CHttpResponseCodec.java:49)
	at org.openqa.selenium.remote.HttpCommandExecutor.execute(HttpCommandExecutor.java:158)
	at org.openqa.selenium.remote.service.DriverCommandExecutor.execute(DriverCommandExecutor.java:83)
	at org.openqa.selenium.remote.RemoteWebDriver.execute(RemoteWebDriver.java:552)
	at org.openqa.selenium.remote.RemoteWebElement.execute(RemoteWebElement.java:285)
	at org.openqa.selenium.remote.RemoteWebElement.click(RemoteWebElement.java:84)
	at org.openqa.selenium.support.pagefactory.internal.LocatingElementHandler.invoke(LocatingElementHandler.java:51)
	at com.sun.proxy.$Proxy12.click(Unknown Source)
	at extensions.UIActions.click(UIActions.java:17)
	at workflows.WebFlows.chooseManyItems(WebFlows.java:56)
	at sanity.LadyMakeupWeb.test07_verify_itemAmount(LadyMakeupWeb.java:55)
	at java.util.ArrayList.forEach(ArrayList.java:1257)
... Removed 39 stack frames
</div> <!-- stack-trace -->
                  <em>
(Test07 - Verify Item Amount )                  </em>
                </div> <!-- method-content -->
              </div> <!-- method -->
              <div class="method">
                <div class="method-content">
                  <a name="test07_verify_itemAmount(2 x, 2 x)">
                  </a> <!-- test07_verify_itemAmount(2 x, 2 x) -->
                  <span class="method-name">test07_verify_itemAmount</span>
                  <span class="parameters">(2 x, 2 x)</span>
                  <div class="stack-trace">org.openqa.selenium.ElementClickInterceptedException: element click intercepted: Element &lt;a href=&quot;#&quot; class=&quot;btn btn-light  d-flex align-items-center mx-auto btn-quickcart-add&quot; product_id=&quot;46685&quot; product_type=&quot;simple&quot;&gt;...&lt;/a&gt; is not clickable at point (579, 679). Other element would receive the click: &lt;div id=&quot;quickcart-bottom-body&quot; class=&quot;container-fluid align-items-center justify-content-between d-flex h-100 px-1 px-md-2&quot;&gt;...&lt;/div&gt;
  (Session info: chrome=101.0.4951.54)
Build info: version: &apos;3.141.59&apos;, revision: &apos;e82be7d358&apos;, time: &apos;2018-11-14T08:17:03&apos;
System info: host: &apos;DESKTOP-G4453NC&apos;, ip: &apos;192.168.0.115&apos;, os.name: &apos;Windows 10&apos;, os.arch: &apos;amd64&apos;, os.version: &apos;10.0&apos;, java.version: &apos;1.8.0_211&apos;
Driver info: org.openqa.selenium.chrome.ChromeDriver
Capabilities {acceptInsecureCerts: false, browserName: chrome, browserVersion: 101.0.4951.54, chrome: {chromedriverVersion: 101.0.4951.41 (93c720db8323..., userDataDir: C:\Users\DimaA\AppData\Loca...}, goog:chromeOptions: {debuggerAddress: localhost:60634}, javascriptEnabled: true, networkConnectionEnabled: false, pageLoadStrategy: normal, platform: WINDOWS, platformName: WINDOWS, proxy: Proxy(), setWindowRect: true, strictFileInteractability: false, timeouts: {implicit: 0, pageLoad: 300000, script: 30000}, unhandledPromptBehavior: dismiss and notify, webauthn:extension:credBlob: true, webauthn:extension:largeBlob: true, webauthn:virtualAuthenticators: true}
Session ID: eb347b42e38525ce7f14abf8f4f1eb13
	at org.openqa.selenium.remote.http.W3CHttpResponseCodec.createException(W3CHttpResponseCodec.java:187)
	at org.openqa.selenium.remote.http.W3CHttpResponseCodec.decode(W3CHttpResponseCodec.java:122)
	at org.openqa.selenium.remote.http.W3CHttpResponseCodec.decode(W3CHttpResponseCodec.java:49)
	at org.openqa.selenium.remote.HttpCommandExecutor.execute(HttpCommandExecutor.java:158)
	at org.openqa.selenium.remote.service.DriverCommandExecutor.execute(DriverCommandExecutor.java:83)
	at org.openqa.selenium.remote.RemoteWebDriver.execute(RemoteWebDriver.java:552)
	at org.openqa.selenium.remote.RemoteWebElement.execute(RemoteWebElement.java:285)
	at org.openqa.selenium.remote.RemoteWebElement.click(RemoteWebElement.java:84)
	at org.openqa.selenium.support.pagefactory.internal.LocatingElementHandler.invoke(LocatingElementHandler.java:51)
	at com.sun.proxy.$Proxy12.click(Unknown Source)
	at extensions.UIActions.click(UIActions.java:17)
	at workflows.WebFlows.chooseManyItems(WebFlows.java:56)
	at sanity.LadyMakeupWeb.test07_verify_itemAmount(LadyMakeupWeb.java:55)
	at java.util.ArrayList.forEach(ArrayList.java:1257)
... Removed 39 stack frames
</div> <!-- stack-trace -->
                  <em>
(Test07 - Verify Item Amount )                  </em>
                </div> <!-- method-content -->
              </div> <!-- method -->
            </div> <!-- main-panel-content rounded-window-bottom -->
          </div> <!-- suite-Web_Suite-class-failed -->
          <div class="suite-Web_Suite-class-passed">
            <div class="main-panel-header rounded-window-top">
              <img src="passed.png"/>
              <span class="class-name">sanity.LadyMakeupWeb</span>
            </div> <!-- main-panel-header rounded-window-top -->
            <div class="main-panel-content rounded-window-bottom">
              <div class="method">
                <div class="method-content">
                  <a name="test01_verify_HelloHeader">
                  </a> <!-- test01_verify_HelloHeader -->
                  <span class="method-name">test01_verify_HelloHeader</span>
                  <em>
(Test01 - Verify Hello Header)                  </em>
                </div> <!-- method-content -->
              </div> <!-- method -->
              <div class="method">
                <div class="method-content">
                  <a name="test02_moveTo_makeupBoxes">
                  </a> <!-- test02_moveTo_makeupBoxes -->
                  <span class="method-name">test02_moveTo_makeupBoxes</span>
                  <em>
(Test02 - Verify Move To MakeupBoxes)                  </em>
                </div> <!-- method-content -->
              </div> <!-- method -->
              <div class="method">
                <div class="method-content">
                  <a name="test04_verify_orderItemDeletion">
                  </a> <!-- test04_verify_orderItemDeletion -->
                  <span class="method-name">test04_verify_orderItemDeletion</span>
                  <em>
(Test04 - Verify Order Item Deletion)                  </em>
                </div> <!-- method-content -->
              </div> <!-- method -->
              <div class="method">
                <div class="method-content">
                  <a name="test05_verify_informationBar">
                  </a> <!-- test05_verify_informationBar -->
                  <span class="method-name">test05_verify_informationBar</span>
                  <em>
(Test05 - Verify Information Bar)                  </em>
                </div> <!-- method-content -->
              </div> <!-- method -->
            </div> <!-- main-panel-content rounded-window-bottom -->
          </div> <!-- suite-Web_Suite-class-passed -->
        </div> <!-- panel Web_Suite -->
        <div panel-name="test-xml-Web_Suite" class="panel">
          <div class="main-panel-header rounded-window-top">
            <span class="header-content">C:\Automation\FinalProject\TestNGWeb.xml</span>
          </div> <!-- main-panel-header rounded-window-top -->
          <div class="main-panel-content rounded-window-bottom">
            <pre>
&lt;?xml version=&quot;1.0&quot; encoding=&quot;UTF-8&quot;?&gt;
&lt;!DOCTYPE suite SYSTEM &quot;https://testng.org/testng-1.0.dtd&quot;&gt;
&lt;suite guice-stage=&quot;DEVELOPMENT&quot; verbose=&quot;0&quot; name=&quot;Web Suite&quot;&gt;
  &lt;test thread-count=&quot;5&quot; verbose=&quot;0&quot; name=&quot;Web Tests&quot;&gt;
    &lt;parameter name=&quot;PlatformName&quot; value=&quot;web&quot;/&gt;
    &lt;classes&gt;
      &lt;class name=&quot;sanity.LadyMakeupWeb&quot;/&gt;
    &lt;/classes&gt;
  &lt;/test&gt; &lt;!-- Web Tests --&gt;
&lt;/suite&gt; &lt;!-- Web Suite --&gt;
            </pre>
          </div> <!-- main-panel-content rounded-window-bottom -->
        </div> <!-- panel -->
        <div panel-name="testlist-Web_Suite" class="panel">
          <div class="main-panel-header rounded-window-top">
            <span class="header-content">Tests for Web Suite</span>
          </div> <!-- main-panel-header rounded-window-top -->
          <div class="main-panel-content rounded-window-bottom">
            <ul>
              <li>
                <span class="test-name">Web Tests (1 class)</span>
              </li>
            </ul>
          </div> <!-- main-panel-content rounded-window-bottom -->
        </div> <!-- panel -->
        <div panel-name="group-Web_Suite" class="panel">
          <div class="main-panel-header rounded-window-top">
            <span class="header-content">Groups for Web Suite</span>
          </div> <!-- main-panel-header rounded-window-top -->
          <div class="main-panel-content rounded-window-bottom">
          </div> <!-- main-panel-content rounded-window-bottom -->
        </div> <!-- panel -->
        <div panel-name="times-Web_Suite" class="panel">
          <div class="main-panel-header rounded-window-top">
            <span class="header-content">Times for Web Suite</span>
          </div> <!-- main-panel-header rounded-window-top -->
          <div class="main-panel-content rounded-window-bottom">
            <div class="times-div">
              <script type="text/javascript">
suiteTableInitFunctions.push('tableData_Web_Suite');
function tableData_Web_Suite() {
var data = new google.visualization.DataTable();
data.addColumn('number', 'Number');
data.addColumn('string', 'Method');
data.addColumn('string', 'Class');
data.addColumn('number', 'Time (ms)');
data.addRows(8);
data.setCell(0, 0, 0)
data.setCell(0, 1, 'test04_verify_orderItemDeletion')
data.setCell(0, 2, 'sanity.LadyMakeupWeb')
data.setCell(0, 3, 10578);
data.setCell(1, 0, 1)
data.setCell(1, 1, 'test01_verify_HelloHeader')
data.setCell(1, 2, 'sanity.LadyMakeupWeb')
data.setCell(1, 3, 7804);
data.setCell(2, 0, 2)
data.setCell(2, 1, 'test02_moveTo_makeupBoxes')
data.setCell(2, 2, 'sanity.LadyMakeupWeb')
data.setCell(2, 3, 4415);
data.setCell(3, 0, 3)
data.setCell(3, 1, 'test07_verify_itemAmount')
data.setCell(3, 2, 'sanity.LadyMakeupWeb')
data.setCell(3, 3, 2783);
data.setCell(4, 0, 4)
data.setCell(4, 1, 'test07_verify_itemAmount')
data.setCell(4, 2, 'sanity.LadyMakeupWeb')
data.setCell(4, 3, 2777);
data.setCell(5, 0, 5)
data.setCell(5, 1, 'test03_verify_orderItem')
data.setCell(5, 2, 'sanity.LadyMakeupWeb')
data.setCell(5, 3, 1150);
data.setCell(6, 0, 6)
data.setCell(6, 1, 'test06_verify_logoImage')
data.setCell(6, 2, 'sanity.LadyMakeupWeb')
data.setCell(6, 3, 716);
data.setCell(7, 0, 7)
data.setCell(7, 1, 'test05_verify_informationBar')
data.setCell(7, 2, 'sanity.LadyMakeupWeb')
data.setCell(7, 3, 309);
window.suiteTableData['Web_Suite']= { tableData: data, tableDiv: 'times-div-Web_Suite'}
return data;
}
              </script>
              <span class="suite-total-time">Total running time: 30 seconds</span>
              <div id="times-div-Web_Suite">
              </div> <!-- times-div-Web_Suite -->
            </div> <!-- times-div -->
          </div> <!-- main-panel-content rounded-window-bottom -->
        </div> <!-- panel -->
        <div panel-name="reporter-Web_Suite" class="panel">
          <div class="main-panel-header rounded-window-top">
            <span class="header-content">Reporter output for Web Suite</span>
          </div> <!-- main-panel-header rounded-window-top -->
          <div class="main-panel-content rounded-window-bottom">
          </div> <!-- main-panel-content rounded-window-bottom -->
        </div> <!-- panel -->
        <div panel-name="ignored-methods-Web_Suite" class="panel">
          <div class="main-panel-header rounded-window-top">
            <span class="header-content">0 ignored methods</span>
          </div> <!-- main-panel-header rounded-window-top -->
          <div class="main-panel-content rounded-window-bottom">
          </div> <!-- main-panel-content rounded-window-bottom -->
        </div> <!-- panel -->
        <div panel-name="chronological-Web_Suite" class="panel">
          <div class="main-panel-header rounded-window-top">
            <span class="header-content">Methods in chronological order</span>
          </div> <!-- main-panel-header rounded-window-top -->
          <div class="main-panel-content rounded-window-bottom">
            <div class="chronological-class">
              <div class="chronological-class-name">sanity.LadyMakeupWeb</div> <!-- chronological-class-name -->
              <div class="configuration-class before">
                <span class="method-name">startSession(web)</span>
                <span class="method-start">0 ms</span>
              </div> <!-- configuration-class before -->
              <div class="configuration-method before">
                <span class="method-name">beforeMethod(public void sanity.LadyMakeupWeb.test01_verify_HelloHeader())</span>
                <span class="method-start">7145 ms</span>
              </div> <!-- configuration-method before -->
              <div class="test-method">
                <span class="method-name">test01_verify_HelloHeader</span>
                <span class="method-start">7274 ms</span>
              </div> <!-- test-method -->
              <div class="configuration-method after">
                <span class="method-name">afterMethod</span>
                <span class="method-start">15196 ms</span>
              </div> <!-- configuration-method after -->
              <div class="configuration-method before">
                <span class="method-name">beforeMethod(public void sanity.LadyMakeupWeb.test02_moveTo_makeupBoxes() throws java.lang.InterruptedException)</span>
                <span class="method-start">15199 ms</span>
              </div> <!-- configuration-method before -->
              <div class="test-method">
                <span class="method-name">test02_moveTo_makeupBoxes</span>
                <span class="method-start">15207 ms</span>
              </div> <!-- test-method -->
              <div class="configuration-method after">
                <span class="method-name">afterMethod</span>
                <span class="method-start">19677 ms</span>
              </div> <!-- configuration-method after -->
              <div class="configuration-method before">
                <span class="method-name">beforeMethod(public void sanity.LadyMakeupWeb.test03_verify_orderItem() throws java.lang.InterruptedException)</span>
                <span class="method-start">19678 ms</span>
              </div> <!-- configuration-method before -->
              <div class="test-method">
                <img src="failed.png">
                </img>
                <span class="method-name">test03_verify_orderItem</span>
                <span class="method-start">19688 ms</span>
              </div> <!-- test-method -->
              <div class="configuration-method after">
                <span class="method-name">afterMethod</span>
                <span class="method-start">21120 ms</span>
              </div> <!-- configuration-method after -->
              <div class="configuration-method before">
                <span class="method-name">beforeMethod(public void sanity.LadyMakeupWeb.test04_verify_orderItemDeletion() throws java.lang.InterruptedExcep...)</span>
                <span class="method-start">21136 ms</span>
              </div> <!-- configuration-method before -->
              <div class="test-method">
                <span class="method-name">test04_verify_orderItemDeletion</span>
                <span class="method-start">21143 ms</span>
              </div> <!-- test-method -->
              <div class="configuration-method after">
                <span class="method-name">afterMethod</span>
                <span class="method-start">31813 ms</span>
              </div> <!-- configuration-method after -->
              <div class="configuration-method before">
                <span class="method-name">beforeMethod(public void sanity.LadyMakeupWeb.test05_verify_informationBar() throws java.lang.InterruptedExceptio...)</span>
                <span class="method-start">31816 ms</span>
              </div> <!-- configuration-method before -->
              <div class="test-method">
                <span class="method-name">test05_verify_informationBar</span>
                <span class="method-start">31826 ms</span>
              </div> <!-- test-method -->
              <div class="configuration-method after">
                <span class="method-name">afterMethod</span>
                <span class="method-start">32190 ms</span>
              </div> <!-- configuration-method after -->
              <div class="configuration-method before">
                <span class="method-name">beforeMethod(public void sanity.LadyMakeupWeb.test06_verify_logoImage() throws java.lang.InterruptedException)</span>
                <span class="method-start">32191 ms</span>
              </div> <!-- configuration-method before -->
              <div class="test-method">
                <img src="failed.png">
                </img>
                <span class="method-name">test06_verify_logoImage</span>
                <span class="method-start">32200 ms</span>
              </div> <!-- test-method -->
              <div class="configuration-method before">
                <span class="method-name">beforeMethod(public void sanity.LadyMakeupWeb.test07_verify_itemAmount(java.lang.String,java.lang.String) throws ...)</span>
                <span class="method-start">33116 ms</span>
              </div> <!-- configuration-method before -->
              <div class="test-method">
                <img src="failed.png">
                </img>
                <span class="method-name">test07_verify_itemAmount(4 x, 4 x)</span>
                <span class="method-start">33124 ms</span>
              </div> <!-- test-method -->
              <div class="configuration-method after">
                <span class="method-name">afterMethod</span>
                <span class="method-start">36168 ms</span>
              </div> <!-- configuration-method after -->
              <div class="configuration-method before">
                <span class="method-name">beforeMethod(public void sanity.LadyMakeupWeb.test07_verify_itemAmount(java.lang.String,java.lang.String) throws ...)</span>
                <span class="method-start">36168 ms</span>
              </div> <!-- configuration-method before -->
              <div class="test-method">
                <img src="failed.png">
                </img>
                <span class="method-name">test07_verify_itemAmount(2 x, 2 x)</span>
                <span class="method-start">36176 ms</span>
              </div> <!-- test-method -->
              <div class="configuration-method after">
                <span class="method-name">afterMethod</span>
                <span class="method-start">39213 ms</span>
              </div> <!-- configuration-method after -->
              <div class="configuration-class after">
                <span class="method-name">closeSession</span>
                <span class="method-start">39214 ms</span>
              </div> <!-- configuration-class after -->
          </div> <!-- main-panel-content rounded-window-bottom -->
        </div> <!-- panel -->
      </div> <!-- main-panel-root -->
    </div> <!-- wrapper -->
  </body>
</html>
